Using pre-set license
Built from '2020.2/release' branch; Version is '2020.2.4f1 (becced5a802b) revision 12504301'; Using compiler version '192528614'; Build Type 'Release'
OS: 'Windows 10 Home; OS build 19044.1620; Version 2009; 64bit' Language: 'es' Physical Memory: 16253 MB
BatchMode: 1, IsHumanControllingUs: 0, StartBugReporterOnCrash: 0, Is64bit: 1, IsPro: 0

 COMMAND LINE ARGUMENTS:
E:\UnityEditor\2020.2.4f1\Editor\Unity.exe
-adb2
-batchMode
-noUpm
-name
AssetImportWorker0
-projectPath
E:/UnityProject/Sistemes Interactius/Sistemes-Interactius-Oscar-Delgado/Rolling-a-ball tutorial
-logFile
Logs/AssetImportWorker0.log
-srvPort
58468
Successfully changed project path to: E:/UnityProject/Sistemes Interactius/Sistemes-Interactius-Oscar-Delgado/Rolling-a-ball tutorial
E:/UnityProject/Sistemes Interactius/Sistemes-Interactius-Oscar-Delgado/Rolling-a-ball tutorial
Using Asset Import Pipeline V2.
Refreshing native plugins compatible for Editor in 15.20 ms, found 0 plugins.
Preloading 0 native plugins for Editor in 0.00 ms.
Initialize engine version: 2020.2.4f1 (becced5a802b)
[Subsystems] Discovering subsystems at path E:/UnityEditor/2020.2.4f1/Editor/Data/Resources/UnitySubsystems
[Subsystems] Discovering subsystems at path E:/UnityProject/Sistemes Interactius/Sistemes-Interactius-Oscar-Delgado/Rolling-a-ball tutorial/Assets
GfxDevice: creating device client; threaded=0
Direct3D:
    Version:  Direct3D 11.0 [level 11.1]
    Renderer: NVIDIA GeForce RTX 3070 (ID=0x2488)
    Vendor:   
    VRAM:     8043 MB
    Driver:   30.0.15.1179
Initialize mono
Mono path[0] = 'E:/UnityEditor/2020.2.4f1/Editor/Data/Managed'
Mono path[1] = 'E:/UnityEditor/2020.2.4f1/Editor/Data/MonoBleedingEdge/lib/mono/unityjit'
Mono config path = 'E:/UnityEditor/2020.2.4f1/Editor/Data/MonoBleedingEdge/etc'
Using monoOptions --debugger-agent=transport=dt_socket,embedding=1,server=y,suspend=n,address=127.0.0.1:56744
Begin MonoManager ReloadAssembly
Registering precompiled unity dll's ...
Register platform support module: E:/UnityEditor/2020.2.4f1/Editor/Data/PlaybackEngines/WindowsStandaloneSupport/UnityEditor.WindowsStandalone.Extensions.dll
Registered in 0.000700 seconds.
Native extension for WindowsStandalone target not found
Refreshing native plugins compatible for Editor in 15.52 ms, found 0 plugins.
Preloading 0 native plugins for Editor in 0.00 ms.
Invoked RoslynAnalysisRunner static constructor.
RoslynAnalysisRunner will not be running.
RoslynAnalysisRunner has terminated.
Mono: successfully reloaded assembly
- Completed reload, in  0.541 seconds
Platform modules already initialized, skipping
Registering precompiled user dll's ...
Registered in 0.000382 seconds.
Begin MonoManager ReloadAssembly
Native extension for WindowsStandalone target not found
Refreshing native plugins compatible for Editor in 0.17 ms, found 0 plugins.
Preloading 0 native plugins for Editor in 0.00 ms.
Invoked RoslynAnalysisRunner static constructor.
RoslynAnalysisRunner will not be running.
RoslynAnalysisRunner has terminated.
Mono: successfully reloaded assembly
- Completed reload, in  0.487 seconds
Platform modules already initialized, skipping
========================================================================
Worker process is ready to serve import requests
Launched and connected shader compiler UnityShaderCompiler.exe after 0.03 seconds
Refreshing native plugins compatible for Editor in 0.13 ms, found 0 plugins.
Preloading 0 native plugins for Editor in 0.00 ms.
Unloading 1104 Unused Serialized files (Serialized files now loaded: 0)
System memory in use before: 57.0 MB.
System memory in use after: 57.1 MB.

Unloading 10 unused Assets to reduce memory usage. Loaded Objects now: 1545.
Total: 1.113300 ms (FindLiveObjects: 0.105300 ms CreateObjectMapping: 0.026500 ms MarkObjects: 0.927700 ms  DeleteObjects: 0.052800 ms)

========================================================================
Received Import Request.
  path: Assets/Scenes
  artifactKey: Guid(b15fea64c8a21c247acb69b000bb0e56) Importer(815301076,1909f56bfc062723c751e8b465ee728b)
Start importing Assets/Scenes using Guid(b15fea64c8a21c247acb69b000bb0e56) Importer(815301076,1909f56bfc062723c751e8b465ee728b)  -> (artifact id: '79d46e863921ab67e86ea2880df166d3') in 0.002489 seconds
  Import took 0.005500 seconds .

========================================================================
Received Import Request.
  Time since last request: 99.056990 seconds.
  path: Assets/Scenes/MiniGame.unity
  artifactKey: Guid(2f9153ec25e8fc942b43dc7aa1965321) Importer(815301076,1909f56bfc062723c751e8b465ee728b)
Start importing Assets/Scenes/MiniGame.unity using Guid(2f9153ec25e8fc942b43dc7aa1965321) Importer(815301076,1909f56bfc062723c751e8b465ee728b)  -> (artifact id: '434b2e6855bf62074ff257e205e7e0df') in 0.005579 seconds
  Import took 0.007456 seconds .

========================================================================
Received Import Request.
  Time since last request: 47.349115 seconds.
  path: Assets/Scenes/SampleScene.unity
  artifactKey: Guid(9fc0d4010bbf28b4594072e72b8655ab) Importer(815301076,1909f56bfc062723c751e8b465ee728b)
Start importing Assets/Scenes/SampleScene.unity using Guid(9fc0d4010bbf28b4594072e72b8655ab) Importer(815301076,1909f56bfc062723c751e8b465ee728b)  -> (artifact id: '07678fe8974910b46a4866770d41cde6') in 0.001198 seconds
  Import took 0.003972 seconds .

========================================================================
Received Import Request.
  Time since last request: 738.099431 seconds.
  path: Assets
  artifactKey: Guid(00000000000000001000000000000000) Importer(815301076,1909f56bfc062723c751e8b465ee728b)
Start importing Assets using Guid(00000000000000001000000000000000) Importer(815301076,1909f56bfc062723c751e8b465ee728b)  -> (artifact id: 'edc3feb264a98656617d3c2cb59c8f16') in 0.001091 seconds
  Import took 0.003724 seconds .

========================================================================
Received Import Request.
  Time since last request: 8.100964 seconds.
  path: Assets/Materials
  artifactKey: Guid(cdac4a03e4a90c94ea2b47332aa3eb66) Importer(815301076,1909f56bfc062723c751e8b465ee728b)
Start importing Assets/Materials using Guid(cdac4a03e4a90c94ea2b47332aa3eb66) Importer(815301076,1909f56bfc062723c751e8b465ee728b)  -> (artifact id: 'f7005cfcf58336a50ec6331a52ef437a') in 0.001171 seconds
  Import took 0.003897 seconds .

========================================================================
Received Import Request.
  Time since last request: 31.665983 seconds.
  path: Assets/Materials/Background.mat
  artifactKey: Guid(d903524f8bf2f7a45a58f6d26ddad869) Importer(815301076,1909f56bfc062723c751e8b465ee728b)
Start importing Assets/Materials/Background.mat using Guid(d903524f8bf2f7a45a58f6d26ddad869) Importer(815301076,1909f56bfc062723c751e8b465ee728b)  -> (artifact id: '578df53003392e908ffb9b470d2a4e06') in 0.073604 seconds
  Import took 0.075182 seconds .

========================================================================
Received Import Request.
  Time since last request: 135.731600 seconds.
  path: Assets/Materials/Player.mat
  artifactKey: Guid(cd1fe16c2a2142f49ab11b827ee935df) Importer(815301076,1909f56bfc062723c751e8b465ee728b)
Start importing Assets/Materials/Player.mat using Guid(cd1fe16c2a2142f49ab11b827ee935df) Importer(815301076,1909f56bfc062723c751e8b465ee728b)  -> (artifact id: '393a9b99f01065c77a9b3342b79a59e4') in 0.006181 seconds
  Import took 0.007619 seconds .

========================================================================
Received Import Request.
  Time since last request: 83.626624 seconds.
  path: Assets/Materials/Background.mat
  artifactKey: Guid(d903524f8bf2f7a45a58f6d26ddad869) Importer(815301076,1909f56bfc062723c751e8b465ee728b)
Start importing Assets/Materials/Background.mat using Guid(d903524f8bf2f7a45a58f6d26ddad869) Importer(815301076,1909f56bfc062723c751e8b465ee728b)  -> (artifact id: '465d2f17914addf1d0498135b0499f34') in 0.003707 seconds
  Import took 0.005177 seconds .

========================================================================
Received Import Request.
  Time since last request: 0.000205 seconds.
  path: Assets/Materials/Player.mat
  artifactKey: Guid(cd1fe16c2a2142f49ab11b827ee935df) Importer(815301076,1909f56bfc062723c751e8b465ee728b)
Start importing Assets/Materials/Player.mat using Guid(cd1fe16c2a2142f49ab11b827ee935df) Importer(815301076,1909f56bfc062723c751e8b465ee728b)  -> (artifact id: '7cdaa06e6b37b3241024ccedb074b75c') in 0.004303 seconds
  Import took 0.005555 seconds .

========================================================================
Received Prepare
Registering precompiled user dll's ...
Registered in 0.000303 seconds.
Begin MonoManager ReloadAssembly
Native extension for WindowsStandalone target not found
Refreshing native plugins compatible for Editor in 0.12 ms, found 0 plugins.
Preloading 0 native plugins for Editor in 0.00 ms.
Invoked RoslynAnalysisRunner static constructor.
RoslynAnalysisRunner will not be running.
RoslynAnalysisRunner has terminated.
Mono: successfully reloaded assembly
- Completed reload, in  0.432 seconds
Platform modules already initialized, skipping
Refreshing native plugins compatible for Editor in 0.11 ms, found 0 plugins.
Preloading 0 native plugins for Editor in 0.00 ms.
Unloading 1099 Unused Serialized files (Serialized files now loaded: 0)
System memory in use before: 60.3 MB.
System memory in use after: 60.4 MB.

Unloading 5 unused Assets to reduce memory usage. Loaded Objects now: 1587.
Total: 0.963700 ms (FindLiveObjects: 0.080500 ms CreateObjectMapping: 0.019600 ms MarkObjects: 0.828500 ms  DeleteObjects: 0.034300 ms)

========================================================================
Received Prepare
Registering precompiled user dll's ...
Registered in 0.000526 seconds.
Begin MonoManager ReloadAssembly
Native extension for WindowsStandalone target not found
Refreshing native plugins compatible for Editor in 0.20 ms, found 0 plugins.
Preloading 0 native plugins for Editor in 0.00 ms.
Invoked RoslynAnalysisRunner static constructor.
RoslynAnalysisRunner will not be running.
RoslynAnalysisRunner has terminated.
Mono: successfully reloaded assembly
- Completed reload, in  0.408 seconds
Platform modules already initialized, skipping
Refreshing native plugins compatible for Editor in 0.14 ms, found 0 plugins.
Preloading 0 native plugins for Editor in 0.00 ms.
Unloading 1395 Unused Serialized files (Serialized files now loaded: 0)
System memory in use before: 70.0 MB.
System memory in use after: 70.1 MB.

Unloading 3 unused Assets to reduce memory usage. Loaded Objects now: 1883.
Total: 1.017200 ms (FindLiveObjects: 0.098200 ms CreateObjectMapping: 0.025600 ms MarkObjects: 0.858600 ms  DeleteObjects: 0.034100 ms)

AssetImportWorkerClient::OnTransportError - code=2 error=End of file
